build/app/intermediates/manifest_merge_blame_file/debug/manifest-merger-blame-debug-report.txt
1<?xml version="1.0" encoding="utf-8"?>
2<manifest xmlns:android="http://schemas.android.com/apk/res/android"
3    package="com.example.elmeri_sovellus"
4    android:versionCode="1"
5    android:versionName="1.0.0" >
6
7    <uses-sdk
8        android:minSdkVersion="21"
9        android:targetSdkVersion="31" />
10    <!--
11         The INTERNET permission is required for development. Specifically,
12         the Flutter tool needs it to communicate with the running application
13         to allow setting breakpoints, to provide hot reload, etc.
14    -->
15    <uses-permission android:name="android.permission.INTERNET" />
15-->src\debug\AndroidManifest.xml:7:5-66
15-->src\debug\AndroidManifest.xml:7:22-64
16    <uses-permission android:name="android.permission.READ_EXTERNAL_STORAGE" />
16-->[:file_picker] AndroidManifest.xml:9:5-80
16-->[:file_picker] AndroidManifest.xml:9:22-77
17
18    <queries>
18-->[:file_picker] AndroidManifest.xml:11:5-17:15
19        <intent>
19-->[:file_picker] AndroidManifest.xml:12:9-16:18
20            <action android:name="android.intent.action.GET_CONTENT" />
20-->[:file_picker] AndroidManifest.xml:13:13-72
20-->[:file_picker] AndroidManifest.xml:13:21-69
21
22            <data android:mimeType="*/*" />
22-->[:file_picker] AndroidManifest.xml:15:13-44
22-->[:file_picker] AndroidManifest.xml:15:19-41
23        </intent>
24    </queries>
25
26    <uses-permission android:name="android.permission.REQUEST_INSTALL_PACKAGES" />
26-->[:open_file] AndroidManifest.xml:10:5-83
26-->[:open_file] AndroidManifest.xml:10:22-80
27    <uses-permission android:name="android.permission.ACCESS_NETWORK_STATE" />
27-->[com.google.firebase:firebase-auth:21.0.6] AndroidManifest.xml:24:5-79
27-->[com.google.firebase:firebase-auth:21.0.6] AndroidManifest.xml:24:22-76
28
29    <application
30        android:name="android.app.Application"
31        android:appComponentFactory="androidx.core.app.CoreComponentFactory"
31-->[androidx.core:core:1.6.0] AndroidManifest.xml:24:18-86
32        android:debuggable="true"
33        android:icon="@mipmap/ic_launcher"
34        android:label="elmeri_sovellus" >
35        <activity
36            android:name="com.example.elmeri_sovellus.MainActivity"
37            android:configChanges="orientation|keyboardHidden|keyboard|screenSize|smallestScreenSize|locale|layoutDirection|fontScale|screenLayout|density|uiMode"
38            android:exported="true"
39            android:hardwareAccelerated="true"
40            android:launchMode="singleTop"
41            android:theme="@style/LaunchTheme"
42            android:windowSoftInputMode="adjustResize" >
43
44            <!--
45                 Specifies an Android theme to apply to this Activity as soon as
46                 the Android process has started. This theme is visible to the user
47                 while the Flutter UI initializes. After that, this theme continues
48                 to determine the Window background behind the Flutter UI.
49            -->
50            <meta-data
51                android:name="io.flutter.embedding.android.NormalTheme"
52                android:resource="@style/NormalTheme" />
53
54            <intent-filter>
55                <action android:name="android.intent.action.MAIN" />
56
57                <category android:name="android.intent.category.LAUNCHER" />
58            </intent-filter>
59        </activity>
60        <!--
61             Don't delete the meta-data below.
62             This is used by the Flutter tool to generate GeneratedPluginRegistrant.java
63        -->
64        <meta-data
65            android:name="flutterEmbedding"
66            android:value="2" />
67
68        <service
68-->[:firebase_auth] AndroidManifest.xml:10:9-14:19
69            android:name="com.google.firebase.components.ComponentDiscoveryService"
69-->[:firebase_auth] AndroidManifest.xml:10:18-89
70            android:directBootAware="true"
70-->[com.google.firebase:firebase-common:20.1.1] AndroidManifest.xml:35:13-43
71            android:exported="false" >
71-->[com.google.firebase:firebase-auth:21.0.6] AndroidManifest.xml:66:13-37
72            <meta-data
72-->[:firebase_auth] AndroidManifest.xml:11:13-13:85
73                android:name="com.google.firebase.components:io.flutter.plugins.firebase.auth.FlutterFirebaseAuthRegistrar"
73-->[:firebase_auth] AndroidManifest.xml:12:17-124
74                android:value="com.google.firebase.components.ComponentRegistrar" />
74-->[:firebase_auth] AndroidManifest.xml:13:17-82
75            <meta-data
75-->[:firebase_storage] AndroidManifest.xml:11:13-13:85
76                android:name="com.google.firebase.components:io.flutter.plugins.firebase.storage.FlutterFirebaseAppRegistrar"
76-->[:firebase_storage] AndroidManifest.xml:12:17-126
77                android:value="com.google.firebase.components.ComponentRegistrar" />
77-->[:firebase_storage] AndroidManifest.xml:13:17-82
78            <meta-data
78-->[:cloud_firestore] AndroidManifest.xml:11:13-13:85
79                android:name="com.google.firebase.components:io.flutter.plugins.firebase.firestore.FlutterFirebaseFirestoreRegistrar"
79-->[:cloud_firestore] AndroidManifest.xml:12:17-134
80                android:value="com.google.firebase.components.ComponentRegistrar" />
80-->[:cloud_firestore] AndroidManifest.xml:13:17-82
81            <meta-data
81-->[:firebase_core] AndroidManifest.xml:11:13-13:85
82                android:name="com.google.firebase.components:io.flutter.plugins.firebase.core.FlutterFirebaseCoreRegistrar"
82-->[:firebase_core] AndroidManifest.xml:12:17-124
83                android:value="com.google.firebase.components.ComponentRegistrar" />
83-->[:firebase_core] AndroidManifest.xml:13:17-82
84            <meta-data
84-->[com.google.firebase:firebase-auth:21.0.6] AndroidManifest.xml:67:13-69:85
85                android:name="com.google.firebase.components:com.google.firebase.auth.FirebaseAuthRegistrar"
85-->[com.google.firebase:firebase-auth:21.0.6] AndroidManifest.xml:68:17-109
86                android:value="com.google.firebase.components.ComponentRegistrar" />
86-->[com.google.firebase:firebase-auth:21.0.6] AndroidManifest.xml:69:17-82
87            <meta-data
87-->[com.google.firebase:firebase-firestore:24.2.1] AndroidManifest.xml:20:13-22:85
88                android:name="com.google.firebase.components:com.google.firebase.firestore.FirestoreRegistrar"
88-->[com.google.firebase:firebase-firestore:24.2.1] AndroidManifest.xml:21:17-111
89                android:value="com.google.firebase.components.ComponentRegistrar" />
89-->[com.google.firebase:firebase-firestore:24.2.1] AndroidManifest.xml:22:17-82
90            <meta-data
90-->[com.google.firebase:firebase-storage:20.0.1] AndroidManifest.xml:33:13-35:85
91                android:name="com.google.firebase.components:com.google.firebase.storage.StorageRegistrar"
91-->[com.google.firebase:firebase-storage:20.0.1] AndroidManifest.xml:34:17-107
92                android:value="com.google.firebase.components.ComponentRegistrar" />
92-->[com.google.firebase:firebase-storage:20.0.1] AndroidManifest.xml:35:17-82
93        </service>
94
95        <provider
95-->[:open_file] AndroidManifest.xml:14:9-23:20
96            android:name="com.crazecoder.openfile.FileProvider"
96-->[:open_file] AndroidManifest.xml:15:13-64
97            android:authorities="com.example.elmeri_sovellus.fileProvider.com.crazecoder.openfile"
97-->[:open_file] AndroidManifest.xml:16:13-88
98            android:exported="false"
98-->[:open_file] AndroidManifest.xml:17:13-37
99            android:grantUriPermissions="true" >
99-->[:open_file] AndroidManifest.xml:18:13-47
100            <meta-data
100-->[:open_file] AndroidManifest.xml:20:13-22:53
101                android:name="android.support.FILE_PROVIDER_PATHS"
101-->[:open_file] AndroidManifest.xml:21:17-67
102                android:resource="@xml/filepaths" />
102-->[:open_file] AndroidManifest.xml:22:17-50
103        </provider>
104
105        <uses-library
105-->[androidx.window:window:1.0.0-beta04] AndroidManifest.xml:25:9-27:40
106            android:name="androidx.window.extensions"
106-->[androidx.window:window:1.0.0-beta04] AndroidManifest.xml:26:13-54
107            android:required="false" />
107-->[androidx.window:window:1.0.0-beta04] AndroidManifest.xml:27:13-37
108        <uses-library
108-->[androidx.window:window:1.0.0-beta04] AndroidManifest.xml:28:9-30:40
109            android:name="androidx.window.sidecar"
109-->[androidx.window:window:1.0.0-beta04] AndroidManifest.xml:29:13-51
110            android:required="false" />
110-->[androidx.window:window:1.0.0-beta04] AndroidManifest.xml:30:13-37
111
112        <activity
112-->[com.google.firebase:firebase-auth:21.0.6] AndroidManifest.xml:27:9-44:20
113            android:name="com.google.firebase.auth.internal.GenericIdpActivity"
113-->[com.google.firebase:firebase-auth:21.0.6] AndroidManifest.xml:28:13-80
114            android:excludeFromRecents="true"
114-->[com.google.firebase:firebase-auth:21.0.6] AndroidManifest.xml:29:13-46
115            android:exported="true"
115-->[com.google.firebase:firebase-auth:21.0.6] AndroidManifest.xml:30:13-36
116            android:launchMode="singleTask"
116-->[com.google.firebase:firebase-auth:21.0.6] AndroidManifest.xml:31:13-44
117            android:theme="@android:style/Theme.Translucent.NoTitleBar" >
117-->[com.google.firebase:firebase-auth:21.0.6] AndroidManifest.xml:32:13-72
118            <intent-filter>
118-->[com.google.firebase:firebase-auth:21.0.6] AndroidManifest.xml:33:13-43:29
119                <action android:name="android.intent.action.VIEW" />
119-->[com.google.firebase:firebase-auth:21.0.6] AndroidManifest.xml:34:17-69
119-->[com.google.firebase:firebase-auth:21.0.6] AndroidManifest.xml:34:25-66
120
121                <category android:name="android.intent.category.DEFAULT" />
121-->[com.google.firebase:firebase-auth:21.0.6] AndroidManifest.xml:36:17-76
121-->[com.google.firebase:firebase-auth:21.0.6] AndroidManifest.xml:36:27-73
122                <category android:name="android.intent.category.BROWSABLE" />
122-->[com.google.firebase:firebase-auth:21.0.6] AndroidManifest.xml:37:17-78
122-->[com.google.firebase:firebase-auth:21.0.6] AndroidManifest.xml:37:27-75
123
124                <data
124-->[:file_picker] AndroidManifest.xml:15:13-44
125                    android:host="firebase.auth"
126                    android:path="/"
127                    android:scheme="genericidp" />
128            </intent-filter>
129        </activity>
130        <activity
130-->[com.google.firebase:firebase-auth:21.0.6] AndroidManifest.xml:45:9-62:20
131            android:name="com.google.firebase.auth.internal.RecaptchaActivity"
131-->[com.google.firebase:firebase-auth:21.0.6] AndroidManifest.xml:46:13-79
132            android:excludeFromRecents="true"
132-->[com.google.firebase:firebase-auth:21.0.6] AndroidManifest.xml:47:13-46
133            android:exported="true"
133-->[com.google.firebase:firebase-auth:21.0.6] AndroidManifest.xml:48:13-36
134            android:launchMode="singleTask"
134-->[com.google.firebase:firebase-auth:21.0.6] AndroidManifest.xml:49:13-44
135            android:theme="@android:style/Theme.Translucent.NoTitleBar" >
135-->[com.google.firebase:firebase-auth:21.0.6] AndroidManifest.xml:50:13-72
136            <intent-filter>
136-->[com.google.firebase:firebase-auth:21.0.6] AndroidManifest.xml:51:13-61:29
137                <action android:name="android.intent.action.VIEW" />
137-->[com.google.firebase:firebase-auth:21.0.6] AndroidManifest.xml:34:17-69
137-->[com.google.firebase:firebase-auth:21.0.6] AndroidManifest.xml:34:25-66
138
139                <category android:name="android.intent.category.DEFAULT" />
139-->[com.google.firebase:firebase-auth:21.0.6] AndroidManifest.xml:36:17-76
139-->[com.google.firebase:firebase-auth:21.0.6] AndroidManifest.xml:36:27-73
140                <category android:name="android.intent.category.BROWSABLE" />
140-->[com.google.firebase:firebase-auth:21.0.6] AndroidManifest.xml:37:17-78
140-->[com.google.firebase:firebase-auth:21.0.6] AndroidManifest.xml:37:27-75
141
142                <data
142-->[:file_picker] AndroidManifest.xml:15:13-44
143                    android:host="firebase.auth"
144                    android:path="/"
145                    android:scheme="recaptcha" />
146            </intent-filter>
147        </activity>
148
149        <provider
149-->[com.google.firebase:firebase-common:20.1.1] AndroidManifest.xml:26:9-31:39
150            android:name="com.google.firebase.provider.FirebaseInitProvider"
150-->[com.google.firebase:firebase-common:20.1.1] AndroidManifest.xml:27:13-77
151            android:authorities="com.example.elmeri_sovellus.firebaseinitprovider"
151-->[com.google.firebase:firebase-common:20.1.1] AndroidManifest.xml:28:13-72
152            android:directBootAware="true"
152-->[com.google.firebase:firebase-common:20.1.1] AndroidManifest.xml:29:13-43
153            android:exported="false"
153-->[com.google.firebase:firebase-common:20.1.1] AndroidManifest.xml:30:13-37
154            android:initOrder="100" />
154-->[com.google.firebase:firebase-common:20.1.1] AndroidManifest.xml:31:13-36
155
156        <activity
156-->[com.google.android.gms:play-services-base:18.0.1] AndroidManifest.xml:20:9-22:45
157            android:name="com.google.android.gms.common.api.GoogleApiActivity"
157-->[com.google.android.gms:play-services-base:18.0.1] AndroidManifest.xml:20:19-85
158            android:exported="false"
158-->[com.google.android.gms:play-services-base:18.0.1] AndroidManifest.xml:22:19-43
159            android:theme="@android:style/Theme.Translucent.NoTitleBar" />
159-->[com.google.android.gms:play-services-base:18.0.1] AndroidManifest.xml:21:19-78
160
161        <meta-data
161-->[com.google.android.gms:play-services-basement:18.0.0] AndroidManifest.xml:21:9-23:69
162            android:name="com.google.android.gms.version"
162-->[com.google.android.gms:play-services-basement:18.0.0] AndroidManifest.xml:22:13-58
163            android:value="@integer/google_play_services_version" />
163-->[com.google.android.gms:play-services-basement:18.0.0] AndroidManifest.xml:23:13-66
164    </application>
165
166</manifest>